10-02-21 11:18:09	Ce journal contient des informations sur l'importation du schéma dans le projet 'DBZoo' sur l'ordinateur 'DESKTOP-8L7TI6B' par l'utilisateur 'kelzoe'.
10-02-21 11:18:09	L'importation du schéma de base de données a commencé.
10-02-21 11:18:24	Collecte des informations d'identification à la base de données
10-02-21 11:18:24	Collecte des options de la base de données
10-02-21 11:18:24	Collecte des utilisateurs
10-02-21 11:18:24	Collecte des rôles
10-02-21 11:18:24	Collecte des rôles d'application
10-02-21 11:18:24	Collecte des appartenances aux rôles
10-02-21 11:18:24	Collecte des groupes de fichiers
10-02-21 11:18:24	Collecte des catalogues de recherche en texte intégral
10-02-21 11:18:24	Collecte des assemblys
10-02-21 11:18:24	Collecte des certificats
10-02-21 11:18:24	Collecte des clés asymétriques
10-02-21 11:18:24	Collecte des clés symétriques
10-02-21 11:18:24	Collecte des clés symétriques chiffrées
10-02-21 11:18:24	Collecte des schémas
10-02-21 11:18:24	Collecte des collections de schémas XML
10-02-21 11:18:24	Collecte des types de données définis par l'utilisateur
10-02-21 11:18:24	Collecte des types définis par l'utilisateur
10-02-21 11:18:24	Collecte des types de tables
10-02-21 11:18:24	Collecte des clés uniques des types de tables
10-02-21 11:18:24	Collecte des clés primaires pour les types de tables
10-02-21 11:18:24	Collecte d'index pour types de tables
10-02-21 11:18:24	Collecte des contraintes de validation pour les types de tables
10-02-21 11:18:24	Collecte des contraintes par défaut pour les types de tables
10-02-21 11:18:24	Collecte des fonctions de partition
10-02-21 11:18:24	Collecte des schémas de partition
10-02-21 11:19:39	Collecte des fonctions
10-02-21 11:19:39	Collecte de fonctions cryptées
10-02-21 11:19:49	Collecte des agrégats
10-02-21 11:20:00	Collecte des procédures
10-02-21 11:20:00	Collecte de procédures cryptées
10-02-21 11:20:01	Collecte des tables
10-02-21 11:20:01	Collecte des clés primaires
10-02-21 11:20:02	Collecte des contraintes uniques
10-02-21 11:20:02	Collecte des clés étrangères
10-02-21 11:20:02	Collecte des contraintes par défaut
10-02-21 11:20:02	Collecte des contraintes de validation
10-02-21 11:20:02	Collecte des vues
10-02-21 11:20:02	Collecte de vues cryptées
10-02-21 11:20:02	Collecte des index
10-02-21 11:20:02	Collecte des statistiques
10-02-21 11:20:02	Collecte des listes de mots vides d'index de recherche en texte intégral
10-02-21 11:20:02	Collecte des listes de propriétés de recherche
10-02-21 11:20:02	Collecte des propriétés de recherche
10-02-21 11:20:02	Collecte des index de recherche en texte intégral
10-02-21 11:20:03	Collecte des index de la banque de colonnes
10-02-21 11:20:03	Collecte des index spatiaux
10-02-21 11:20:03	Collecte des index XML
10-02-21 11:20:03	Collecte d'index XML sélectifs
10-02-21 11:20:03	Collecte de déclencheurs cryptés
10-02-21 11:20:03	Collecte des déclencheurs
10-02-21 11:20:03	Collecte des déclencheurs chiffrés et DDL CLR
10-02-21 11:20:03	Collecte des DDL triggers
10-02-21 11:20:03	Collecte des synonymes
10-02-21 11:20:04	Collecte des valeurs par défaut
10-02-21 11:20:04	Collecte des liaisons UDDT de contrainte de données
10-02-21 11:20:04	Collecte des règles
10-02-21 11:20:04	Collecte des liaisons UDDT de contrainte de données
10-02-21 11:20:04	Collecte des types de messages
10-02-21 11:20:04	Collecte des files d'attente
10-02-21 11:20:04	Collecte des contrats
10-02-21 11:20:04	Collecte des services
10-02-21 11:20:04	Collecte des notifications d'événements
10-02-21 11:20:04	Collecte des liaisons de service distant
10-02-21 11:20:04	Collecte des priorités de Service Broker
10-02-21 11:20:04	Collecte des signatures
10-02-21 11:20:04	Collection des options de compression de données
10-02-21 11:20:04	Collecte des types de séquences
10-02-21 11:20:04	Collecte des stratégies de sécurité
10-02-21 11:20:04	Collecter les clés de chiffrement de colonne
10-02-21 11:20:04	Collecte des clés principales de colonne
10-02-21 11:20:04	Collecte des sources de données externes
10-02-21 11:20:04	Collecte des formats de fichier externes
10-02-21 11:20:04	Collecte des tables externes
10-02-21 11:20:05	Collection des propriétés étendues
10-02-21 11:20:06	Collecte des informations d'identification
10-02-21 11:20:06	Collecte des connexions
10-02-21 11:20:06	Collecte des audits du serveur
10-02-21 11:20:09	Analyse du projet à la recherche des éléments en double
10-02-21 11:20:09	Fin du traitement des éléments en double
10-02-21 11:20:10	Importation de la base de données terminée.
10-02-21 11:20:10	Un résumé de l'opération d'importation a été enregistré à l'emplacement suivant : C:\Users\kelzoe\source\repos\WebAppGestionZoo\DBZoo\Importer les journaux de schémas\DBZoo_20210210101809.log.
10-02-21 11:20:10	Cliquez sur Terminer pour continuer...
